<?xml version="1.0" encoding="UTF-8"?><testsuite name="nosetests" tests="2" errors="2" failures="0" skip="0"><testcase classname="nose.failure.Failure" name="runTest" time="0.000"><error type="exceptions.ImportError" message="No module named gloripex"><![CDATA[Traceback (most recent call last):
  File "/usr/local/Cellar/python/2.7.10/Frameworks/Python.framework/Versions/2.7/lib/python2.7/unittest/case.py", line 331, in run
    testMethod()
  File "/Users/latzko/work/devenv/lib/python2.7/site-packages/nose/loader.py", line 418, in loadTestsFromName
    addr.filename, addr.module)
  File "/Users/latzko/work/devenv/lib/python2.7/site-packages/nose/importer.py", line 47, in importFromPath
    return self.importFromDir(dir_path, fqname)
  File "/Users/latzko/work/devenv/lib/python2.7/site-packages/nose/importer.py", line 94, in importFromDir
    mod = load_module(part_fqname, fh, filename, desc)
  File "/Users/latzko/work/gloc/python/gloc/tests/test_gloripex.py", line 4, in <module>
    from gloc.gloripex import test_function, World
ImportError: No module named gloripex
]]></error></testcase><testcase classname="nose.failure.Failure" name="runTest" time="0.000"><error type="exceptions.ImportError" message="No module named greet"><![CDATA[Traceback (most recent call last):
  File "/usr/local/Cellar/python/2.7.10/Frameworks/Python.framework/Versions/2.7/lib/python2.7/unittest/case.py", line 331, in run
    testMethod()
  File "/Users/latzko/work/devenv/lib/python2.7/site-packages/nose/loader.py", line 418, in loadTestsFromName
    addr.filename, addr.module)
  File "/Users/latzko/work/devenv/lib/python2.7/site-packages/nose/importer.py", line 47, in importFromPath
    return self.importFromDir(dir_path, fqname)
  File "/Users/latzko/work/devenv/lib/python2.7/site-packages/nose/importer.py", line 94, in importFromDir
    mod = load_module(part_fqname, fh, filename, desc)
  File "/Users/latzko/work/gloc/python/gloc/tests/test_var.py", line 4, in <module>
    from gloc.greet import greet
ImportError: No module named greet
]]></error></testcase></testsuite>